Log: Log file open, 28/09/2023 17:01:44
Log: GPsyonixBuildID 230823.66121.430366
Log: Command line: -AUTH_LOGIN=unused -AUTH_PASSWORD=ee12b05d145e47fc85a6018b51aef9c4 -AUTH_TYPE=exchangecode -epicapp=Sugar -epicenv=Prod -EpicPortal  -epicusername="lawdud" -epicuserid=3b392b0645444e98a15d9bb887dd7138 -epiclocale=en -epicsandboxid=9773aa1aa54f4f7b80e44bef04986cea
Init: WinSock: version 1.1 (2.2), MaxSocks=32767, MaxUdp=65467
Log:  ... running in INSTALLED mode
Init: Language extension: INT
Init: Language extension: INT
DevConfig: GConfig::LoadFile associated file:  ..\..\TAGame\Config\TAUI.ini
Init: Version: 230823.66121.430366
Init: Compiled (64-bit): Aug 23 2023 18:52:41
Init: Command line: -AUTH_LOGIN=unused -AUTH_PASSWORD=ee12b05d145e47fc85a6018b51aef9c4 -AUTH_TYPE=exchangecode -epicapp=Sugar -epicenv=Prod -EpicPortal  -epicusername="lawdud" -epicuserid=3b392b0645444e98a15d9bb887dd7138 -epiclocale=en -epicsandboxid=9773aa1aa54f4f7b80e44bef04986cea
Init: Base directory: D:\rocketleague\Binaries\Win64\
[0000.19] Log: Purging 30-day cache '..\..\TAGame\Cache\WebCache\*.*'...
[0000.20] Log: Purging 7-day cache '..\..\TAGame\Logs\*.dmp'...
[0000.20] Log: Purging 3-day cache '..\..\TAGame\Logs\*.log'...
[0000.21] Init: Computer: DESKTOP-I1F7L0G
[0000.21] Init: User: FreeComp
[0000.21] Init: CPU Page size=4096, Processors=4
[0000.21] Init: High frequency timer resolution =10.000000 MHz
[0000.21] Init: Memory total: Physical=15.7GB (16GB approx) Pagefile=17.5GB Virtual=131072.0GB
[0000.21] Init: Presizing for 138000 objects not considered by GC, pre-allocating 0 bytes.
[0000.22] Init: Object subsystem initialized
[0000.41] Log: Using feature set PrimeUpdate45
[0000.44] Log: FOnlineSubsystemEOS: EOS version = 1.13.0-24551320
[0000.45] DevOnline: EOS Platform CacheDirectory=C:\Users\FreeComp\AppData\Local\Rocket League\
[0000.71] Log: Found D3D11 adapter 0: NVIDIA GeForce GT 730M
[0000.71] Log: Adapter has 986MB of dedicated video memory, 0MB of dedicated system memory, and 8037MB of shared system memory
[0000.73] Log: Found D3D11 adapter 1: Intel(R) HD Graphics 4600
[0000.73] Log: Adapter has 112MB of dedicated video memory, 0MB of dedicated system memory, and 2048MB of shared system memory
[0000.74] Log: Found D3D11 adapter 2: Microsoft Basic Render Driver
[0000.74] Log: Adapter has 0MB of dedicated video memory, 0MB of dedicated system memory, and 8037MB of shared system memory
[0000.74] Log: Shader platform (RHI): PC-D3D-SM5
[0000.78] Breadcrumbs: Startup_PreInit: 0.783
[0000.82] Breadcrumbs: Startup_LoadGlobalShaders: 0.042
[0006.76] Log: ProductDatabase_TA::InitProductLabels  0.01 sec total.
[0006.82] Log: ProductDatabase_TA::UpdateAvailableProducts  0.07 sec total.
[0006.84] Breadcrumbs: Startup_LoadScriptPackages: 6.016
[0007.80] Breadcrumbs: Startup_LoadNonNativePackages: 0.955
[0007.80] Log: 141817 objects as part of root set at end of initial load.
[0007.80] Log: 0 out of 0 bytes used by permanent object pool.
[0007.81] Log: ShaderCache load stats: AccumLoadSeconds=(3.533) ShadersLoaded=(367413) Duplicates=(22950)
[0007.81] Log: Initializing Engine...
[0007.81] Log: BuildID: -722954035 from GPsyonixBuildID
[0007.94] SystemSettings: Loading PC Settings
[0007.95] Breadcrumbs: Startup_BuildGuidCache: 0.158
[0007.99] Log: Running hardware survey...
[0007.99] Log: Wwise(R) SDK Version 2019.1.1 Build 6977. Copyright (c) 2006-2012 Audiokinetic Inc. / All Rights Reserved.
[0008.11] Log: OS: Microsoft Windows 10 Pro  (19045)
[0008.11] Log: WinSAT: 6.9 [8.6 CPU, 6.9 2D, 9.9 3D, 8.6 Mem, 8.1 Disk]
[0008.11] Breadcrumbs: Startup_ClientInit: 0.162
[0009.43] Log: Processor: Intel(R) Core(TM) i7-4600M CPU @ 2.90GHz (Intel64 Family 6 Model 60 Stepping 3) 2 Cores, 4 Threads
[0009.43] Log: Memory: 8.00GB
[0009.43] Log: Memory: 8.00GB
[0009.43] Log: VideoController: Intel(R) HD Graphics 4600 (20.19.15.5058)
[0009.43] Log: VideoController: NVIDIA GeForce GT 730M (24.21.13.9836)
[0009.43] Log: Network Adapter: Intel(R) Wireless-N 7260
[0009.43] Log: Disk C: 93.40GB free of 200.19GB
[0009.43] Log: Disk D: 519.51GB free of 753.67GB
[0009.43] Log: Sound Device: Realtek High Definition Audio
[0009.43] Log: Sound Device: NVIDIA Virtual Audio Device (Wave Extensible) (WDM)
[0009.43] Log: Hardware survey complete in 0.77 seconds.
[0009.43] Log: Detected 1 GPUs for rendering
[0009.52] Breadcrumbs: Startup_CreateViewport: 1.402
[0009.52] DevOnline: Created named interface (RecentPlayersList) of type (Engine.OnlineRecentPlayersList)
[0009.66] EOSGameClips: EOSGameClips: Activate called successfully.
[0009.66] EOSGameClips: EOSGameClips: Audio initialized successfully.
[0009.66] EOSGameClips: EOSGameClips: Subscribed to game clips status events successfully.
[0009.66] EOSGameClips: EOSGameClips: Subscribed to user status events successfully.
[0009.66] EOSGameClips: EOSGameClips: Successfully initialized!
[0009.66] ScriptLog: PsyNet using environment DBE_Production Prod
[0009.67] EngagementEvents: Apply  called. Number of engagement events =  0
[0009.67] EngagementEvents: EngagementEventIcons disabled
[0009.67] PsyNet: PsyNetConnection_X_0 disabled OSCS_ServiceUnavailable
[0009.67] PsyNetStaticData: HandleCacheExpired
[0009.67] PsyNetStaticData: HandleGetURL URL=(https://config.psynet.gg/v2/Config/BattleCars/-722954035/Prod/Epic/INT/)
[0009.67] PsyNetStaticData: Blocking sync start
[0009.67] DevOnline: WebRequest_X_0 SEND: https://config.psynet.gg/v2/Config/BattleCars/-722954035/Prod/Epic/INT/
[0009.94] DevOnline: WebRequest_X_0 RECV: 304 
[0009.94] PsyNetStaticData: Blocking sync complete. Elapsed=0.2706
[0009.94] PsyNetStaticData: HandleDataChanged
[0009.96] EngagementEvents: Apply  called. Number of engagement events =  1
[0009.96] EngagementEvents: Engagement Event: Start Time =  1695754800  End Time =  1696986000
[0009.96] EngagementEvents: Active Engagement Event: Type =  0  Start Time =  1695754800  End Time =  1696986000
[0009.96] EngagementEvents: UpdateEventsCurrentTime  NextEventTime =  1696899600
[0010.07] Log: ProductDatabase_TA::UpdateAvailableProducts  0.11 sec total.
[0013.31] Log: ProductDatabase_TA::InitProductLabels  0.01 sec total.
[0013.31] PsyNet: PsyNetConnection_X_0 enabled
[0013.33] PsyNetStaticData: UpdateCacheTimerEnabled CacheTimer.bEnabled=(True)
[0013.33] EOSGameClips: Construct Constructed EOSGameClipsManager_TA. Self=(EOSGameClipsManager_TA_0)
[0013.33] AuthPsyNetVerbose: New auth error. Error 'OSCS_NotConnected'
[0013.33] AuthPsyNetVerbose: OnlinePlayerAuthentication_TA_0 None Unknown|0|0 Logout
[0013.33] PsyNet: PsyNetConnection_X_1 disabled OSCS_NotConnected
[0013.33] AuthPsyNetVerbose: PsyNet connection status changed. Error 'OSCS_NotConnected'
[0013.33] AuthPsyNetVerbose: New auth error. Error 'OSCS_NotConnected'
[0013.33] AuthPsyNetVerbose: OnlinePlayerAuthentication_TA_0 LoggedOut Unknown|0|0 Logout
[0013.33] AuthPlatformCritical: Initiating auth. Player num '0', Name '', Password length '0'
[0013.33] ScriptLog: HandleBlockListStatusCreated Status=(PlatformBlockListStatus_0) ControllerId=(0)
[0013.33] AuthEpicCritical: Sending Eos login request with Credentials '{Version '3', Id Length '2', Token Length '32', Type 'EOS_LCT_ExchangeCode', SystemAuthCredentialsOptions null? 'Null', ExternalType 'EOS_ECT_EPIC'}'
[0013.34] SaveGame: Load Player.ControllerId=(0) SaveFileName=(..\..\TAGame\SaveDataEpic\DBE_Production\3b392b0645444e98a15d9bb887dd7138.save)
[0013.34] Breadcrumbs: Startup_InitOnlineSubsystem: 3.828
[0013.37] DevNet: Browse: MENU_Main_p
[0013.38] Log: LoadMap: MENU_Main_p
[0013.38] Exit: XAudio2 Device shut down.
[0013.41] Log: Fully load package: ..\..\TAGame\CookedPCConsole\GameInfo_GFxMenu_SF.upk
[0013.48] Log: Fully load package: ..\..\TAGame\CookedPCConsole\GFxSounds_MainMenu_SF.upk
[0013.48] Log: Fully load package: ..\..\TAGame\CookedPCConsole\GFX_StartMenu_SF.upk
[0013.62] Log: Fully load package: ..\..\TAGame\CookedPCConsole\GFX_MainMenu_SF.upk
[0013.73] Log: Game class is 'GameInfo_GFxMenu_TA'
[0013.77] Log: Bringing World menu_main_p.TheWorld up for play (0) at 2023.09.28-17.01.57
[0013.77] Log: Flushing async loaders.
[0014.04] Log: Flushed async loaders.
[0014.05] Log: Bringing up level for play took: 0.312571
[0014.72] Log: ########### Finished loading level: 1.344597 seconds
[0014.74] Breadcrumbs: Startup_Browse: 1.396
[0014.74] Log: Initializing Engine Completed
[0014.75] Breadcrumbs: Startup_Total: 14.745
[0014.77] DevOnline: EOSSDK-LogEOSGameClips: Probing for recording system availability.
[0014.77] DevOnline: WebRequest_X_1 SEND: https://rl-cdn.psyonix.com/LogoImages/S12/Logo_Season_12_INT.png
[0014.78] SaveGame: HandleDataLoaded Result.Code=(BasicLoadResult_Success)
[0014.78] ScriptLog: NetworkSave_TA_0 ApplySettings ReplicationRate=60 NetSpeed=15000 InputRate=60
[0015.16] SaveData: Profile_TA_0 OnLoaded LocalID=(0)
[0015.17] ScriptLog: GetDLCProducts, UnlockedDLCList=
[0015.18] ScriptLog: GetDLCProducts, UnlockedDLCList=
[0015.18] SaveGame: LocalPlayer_TA_0 HandleSaveDataLoaded 
[0015.27] FTECritical: [GFx] Changed active tutorial from 'null' to 'NONE'. Tutorial active? 'false', New checkpoint active? 'false'
[0015.27] FTEVerbose: Checkpoint 'None' attempted completion while the FTE isn't active!
[0015.27] FTECritical: [GFx] Changed active tutorial from 'null' to 'NONE'. Tutorial active? 'false', New checkpoint active? 'false'
[0015.27] FTEVerbose: Checkpoint 'None' attempted completion while the FTE isn't active!
[0015.33] Log: Flushing async loaders.
[0015.95] Log: Flushed async loaders.
[0016.01] Warning: Warning, Material Ball_Football.TranslucentMaterials.Mat_Football_Translucent missing bUsedWithStaticLighting=True!
[0016.20] DevOnline: EOSSDK-LogEOSGameClips: Recording supported and available.
[0016.20] DevOnline: EOSSDK-LogEOSGameClips: Recording availability changed from 'Pending' to 'Available'.
[0016.20] EOSGameClips: EOSGameClips: Availability changed from Pending to Available.
[0017.21] DevOnline: EOSSDK-LogEOSAnalytics: EOS SDK Analytics disabled for route [1].
[0017.58] DevOnline: WebRequest_X_1 RECV: 304 
[0018.17] Log: Flushing async loaders.
[0018.22] Log: Flushed async loaders.
[0018.79] AuthEpicCritical: Eos login result 'EOS_Success' for player '0'
[0019.12] AuthEpicCritical: Connect login result 'EOS_Success' for player '3b392b0645444e98a15d9bb887dd7138', local num '0'
[0019.12] AuthPlatformCritical: Login status changed for player '0' to 'LS_LoggedIn'
[0019.12] AuthPlatformVerbose: Login attempt concluded
[0019.12] AuthEpicVerbose: Requesting cabined status for player '0'
[0019.12] DevOnline: WebRequest_X_2 SEND: https://api.epicgames.dev/epic/id/v1/accounts?accountId=3b392b0645444e98a15d9bb887dd7138
[0019.12] PsyNet: PsyNetConnection_X_1 enabled
[0019.12] AuthPsyNetVerbose: PsyNet connection status changed. Error 'None'
[0019.12] AuthPsyNetVerbose: Transitioning to state 'RequestAuthCode'
[0019.12] AuthPsyNetCritical: Requesting auth ticket from platform for 'Epic|3b392b0645444e98a15d9bb887dd7138|0'
[0019.12] AuthPsyNetCritical: Platform auth ticket completed with success 'True'
[0019.12] AuthPsyNetVerbose: Transitioning to state 'SendLoginRequest'
[0019.12] AuthPsyNetCritical: Sending login RPC for player '3b392b0645444e98a15d9bb887dd7138' Auth ticket required? 'True'
[0019.12] AuthPsyNetVerbose: OnlinePlayerAuthentication_TA_0 SendLoginRequest Epic|3b392b0645444e98a15d9bb887dd7138|0 HandleLoginStatusChanged LS_LoggedIn Epic|3b392b0645444e98a15d9bb887dd7138|0
[0019.12] Party: HandleLocalPlayerLoginStatusChanged PlayerName=lawdud PlayerID=Epic|3b392b0645444e98a15d9bb887dd7138|0 LoginStatus=LS_LoggedIn IsPrimary=True IsInParty=False
[0019.12] PsyNet: HTTP send ID=PsyNetMessage_X_0 Message=PsyNetMessage_X_0
[0019.12] DevOnline: WebRequest_X_3 SEND: https://api.rlpp.psynet.gg/rpc/Auth/AuthPlayer/v2
[0019.34] ScriptLog: GetDLCProducts, UnlockedDLCList=
[0019.74] DevOnline: WebRequest_X_3 RECV: 200 
[0019.74] PsyNet: HTTP recv ID=PsyNetMessage_X_0 Message=PsyNetMessage_X_1
[0019.76] AuthPsyNetCritical: PsyNet auth RPC succeeded for player '3b392b0645444e98a15d9bb887dd7138'
[0019.76] AuthPsyNetVerbose: Transitioning to state 'LoggedIn'
[0019.76] AuthPsyNetCritical: Login successful for player '3b392b0645444e98a15d9bb887dd7138'
[0019.76] Auth: OnlinePlayer_TA_0 OnlinePlayerAuthentication_TA_0 HandleAuthLoginChange Auth.bLoggedIn=(True)
[0019.76] PsyNet: Enabling PerCon
[0019.76] PsyNet: PsyNetConnection_X_1 SetAuthorized bAuthorized=True
[0019.76] RankedReconnect: LocalPlayer_TA_0.CheckForRankedReconnect() bOpenedStartMenu=(False) IsMenuLevel=(True) bLoggedIn=(True) IsPrimaryPlayer=(True) RankedReconnectAvailable=(False) EpochTime=(0) EpochNow=(1695909723) TimeSince=(1695909723) ReconnectTimeoutSeconds=(900) Reservation=()
[0019.87] DevOnline: WebRequest_X_2 RECV: 200 
[0019.87] AuthEpicVerbose: Cabined request completed for user '0' with result 'False', Error 'None'
[0020.10] PsyNet: PsyNetMessengerWebSocket_X_0 Connected
[0020.10] PsyNet: PsyNetConnection_X_1 UpdateConnectionState bConnected=(True) bFreshConnection=(True)
[0020.10] DevOnline: WebRequest_X_4 SEND: https://api.kws.ol.epicgames.com/v1/epic-settings/public/users/3b392b0645444e98a15d9bb887dd7138/values?game=rl
[0020.10] DevOnline: WebRequest_X_5 SEND: https://api.epicgames.dev/epic/friends/v1/3b392b0645444e98a15d9bb887dd7138/blocklist
[0020.10] DevOnline: PlayerDataStorage_QueryFileList: Beginning to query files. User=(3b392b0645444e98a15d9bb887dd7138)
[0020.10] PsyNetBeaconDetail_X: PsyNetBeacon_X_0 SetPsyNetConnection InPsyNetConnection=(PsyNetConnection_X_1)
[0020.10] PsyNet: PsyNetConnection_X_1 UpdateConnectionState bPerConConnected=(True)
[0020.29] DevOnline: WebRequest_X_5 RECV: 200 
[0020.31] ScriptLog: HandleStatusChanged PrimaryStatus.DownloadStatus=(EB_Success) ControllerId=(0)
[0020.41] ScriptLog: ListenForBlockListDownloaded PrimaryStatus=(PlatformBlockListStatus_0) PrimaryStatus.DownloadStatus=(EB_Success)
[0020.49] DevOnline: WebRequest_X_6 SEND: https://rl-cdn.psyonix.com/Playlists/Images/rl_knockout_bash_2022_playlist_details_image.jpg
[0020.50] DevOnline: WebRequest_X_7 SEND: https://rl-cdn.psyonix.com/Playlists/Images/rl_ltm_knockout_playlist.png
[0020.59] DevOnline: WebRequest_X_6 RECV: 304 
[0020.64] EOSVoice: HandleFriendsListChanged
[0020.64] DevOnline: PlayerDataStorage_QueryFileList: Finished querying files. User=(3b392b0645444e98a15d9bb887dd7138) Success=(1)
[0020.64] ScriptWarning: ScriptWarning, RLSaveData file not found for user: 3b392b0645444e98a15d9bb887dd7138. Skipping sync
	EOSOnlineStorageSync_TA Transient.SaveData_TA_1:OnlineStorageSyncManager_TA_0.EOSOnlineStorageSync_TA_0
	Function TAGame.EOSOnlineStorageSync_TA:HandleEnumerateUserFilesComplete:034D
Script call stack:
	Function TAGame.EOSOnlineStorageSync_TA:HandleEnumerateUserFilesComplete

[0020.70] DevOnline: WebRequest_X_8 SEND: https://rl-cdn.psyonix.com/ChallengeIcons/Challenge_Play.jpg
[0020.70] DevOnline: WebRequest_X_9 SEND: https://rl-cdn.psyonix.com/ChallengeIcons/Challenge_Shot.jpg
[0020.70] DevOnline: WebRequest_X_10 SEND: https://rl-cdn.psyonix.com/ChallengeIcons/Challenge_Save.jpg
[0020.70] DevOnline: WebRequest_X_11 SEND: https://rl-cdn.psyonix.com/ChallengeIcons/Challenge_Center.jpg
[0020.70] DevOnline: WebRequest_X_12 SEND: https://rl-cdn.psyonix.com/ChallengeIcons/Challenge_Win.jpg
[0020.70] DevOnline: WebRequest_X_13 SEND: https://rl-cdn.psyonix.com/ChallengeIcons/Challenge_AerialGoal.jpg
[0020.70] DevOnline: WebRequest_X_14 SEND: https://rl-cdn.psyonix.com/ChallengeIcons/Challenge_SAG.jpg
[0020.70] DevOnline: WebRequest_X_15 SEND: https://rl-cdn.psyonix.com/ChallengeIcons/Challenge_Clear.jpg
[0020.70] DevOnline: WebRequest_X_16 SEND: https://rl-cdn.psyonix.com/ChallengeIcons/Challenge_Goal.jpg
[0020.73] DevOnline: WebRequest_X_17 SEND: https://rl-cdn.psyonix.com/ChallengeBanners/NUX_Popup_Octane.png
[0020.73] DevOnline: WebRequest_X_18 SEND: https://rl-cdn.psyonix.com/ChallengeBanners/Season_imagery_Reward.png
[0020.75] DevOnline: WebRequest_X_19 SEND: https://rl-cdn.psyonix.com/ChallengeBanners/rl_s12_dash.png
[0020.75] DevOnline: WebRequest_X_4 RECV: 200 
[0020.75] EOSPermissions: NS=profile SN=p2p-trading PL=null EL=null DV=0 IV=0
[0020.75] EOSPermissions: NS=profile SN=require-pin-to-add-friend PL=null EL=null DV=False IV=False
[0020.75] EOSPermissions: NS=prm SN=marketing PL=null EL=True DV=True IV=True
[0020.75] EOSPermissions: NS=chat SN=voice PL=null EL=null DV=0 IV=0
[0020.75] EOSPermissions: NS=chat SN=text PL=null EL=null DV=0 IV=0
[0020.75] DevOnline: WebRequest_X_20 SEND: https://api.epicgames.dev/epic/friends/v1/3b392b0645444e98a15d9bb887dd7138/outgoing
[0020.75] EOSPermissions: Set default shop notifications permission to:  bItemShopNotificationsEnabled=(True)
[0020.80] ScriptLog: RegionPinger_X_0 PingRegions ("3.145.33.101:8513","92.204.240.45:2047","162.245.206.78:20612","34.124.243.66:3187","52.221.231.2:7765","103.194.166.115:12566","15.185.213.234:8345","3.25.215.220:7851","13.244.100.126:8643","189.1.169.177:2727","3.111.38.247:7857")
[0020.84] DevOnline: WebRequest_X_7 RECV: 304 
[0020.84] DevOnline: WebRequest_X_8 RECV: 304 
[0020.88] ScriptLog: NewProductIDs128: 
[0020.88] ScriptLog: GetDLCProducts, UnlockedDLCList=
[0020.88] AuthEpicVerbose: Epic save data loaded
[0020.88] AuthEpicVerbose: [GFx] Epic login changed. m_uiState:StartMenu bPromptParentalConsent:false bPromptToChoosePrimaryAccount:false bEpicSaveDataLoaded:true bPlatformLinked:true
[0020.88] ScriptLog: GetDLCProducts, UnlockedDLCList=
[0020.92] DevOnline: WebRequest_X_20 RECV: 200 
[0021.05] DevOnline: WebRequest_X_9 RECV: 304 
[0021.05] DevOnline: WebRequest_X_10 RECV: 304 
[0021.07] DevOnline: WebRequest_X_11 RECV: 304 
[0021.07] DevOnline: WebRequest_X_12 RECV: 304 
[0021.07] DevOnline: WebRequest_X_18 RECV: 304 
[0021.07] DevOnline: WebRequest_X_19 RECV: 304 
[0021.09] DevOnline: WebRequest_X_13 RECV: 304 
[0021.09] DevOnline: WebRequest_X_15 RECV: 304 
[0021.09] DevOnline: WebRequest_X_16 RECV: 304 
[0021.09] DevOnline: WebRequest_X_17 RECV: 304 
[0021.11] DevOnline: WebRequest_X_14 RECV: 304 
[0022.86] Matchmaking: All Regions Pinged: USE (0.1664),EU (0.0833),USW (0.2178),ASC (0.2290),ASM (0.2080),JPN (0.3130),ME (0.1249),OCE (0.2963),SAF (0.2326),SAM (0.2730),IND (0.1474)
[0022.86] Log: FCacheExportTask(..\..\TAGame\Cache\RegionCache.cache) wrote 1069 bytes to memory
[0024.19] EngagementEvents: Active Engagement Event: Type =  0  Start Time =  1695754800  End Time =  1696986000
[0024.19] EngagementEvents: UpdateEventsCurrentTime  NextEventTime =  1696899600
[0031.29] FTEVerbose: [GFx] Checking FTE progress: Shown login flow 'false', Legal modal valid? 'true', Online? 'true', Cabined state '0', Legacy state '1'
[0031.29] FTE: Starting Group:Prime_InitialStartup at Checkpoint:NUX_IntroScene
[0031.29] FTEVerbose: [GFx] Checking FTE progress: Shown login flow 'false', Legal modal valid? 'true', Online? 'true', Cabined state '0', Legacy state '1'
[0031.31] FTEVerbose: [GFx] Checking FTE progress: Shown login flow 'false', Legal modal valid? 'true', Online? 'true', Cabined state '0', Legacy state '1'
[0031.31] FTECritical: [GFx] Changed active tutorial from 'null' to 'NUX_INTROSCENE'. Tutorial active? 'false', New checkpoint active? 'true'
[0031.31] FTECritical: [GFx] Changed active tutorial from 'NUX_INTROSCENE' to 'NUX_INTROSCENE'. Tutorial active? 'false', New checkpoint active? 'true'
[0031.54] Legacy: State Set
[0031.54] DevOnline: WebRequest_X_21 SEND: https://rl-cdn.psyonix.com/Legal/PC/EULA/INT.txt
[0031.54] DevOnline: WebRequest_X_22 SEND: https://rl-cdn.psyonix.com/Legal/PC/PrivacyPolicy/INT.txt
[0031.54] FTEVerbose: [GFx] Checking FTE progress: Shown login flow 'false', Legal modal valid? 'true', Online? 'true', Cabined state '0', Legacy state '3'
[0031.62] Legacy: State Set
[0031.65] DevOnline: WebRequest_X_21 RECV: 304 
[0031.67] DevOnline: WebRequest_X_22 RECV: 304 
[0031.83] Log: Flushing async loaders.
[0032.12] Log: Flushed async loaders.
[0032.31] Log: Flushing async loaders.
[0032.93] Log: Flushed async loaders.
[0033.63] DevOnline: WebRequest_X_23 SEND: https://rl-cdn.psyonix.com/Ads/Prod/181.0IfrUjop/201.jpg
[0033.82] DevOnline: WebRequest_X_23 RECV: 304 
[0034.14] DevOnline: WebRequest_X_24 SEND: https://rl-cdn.psyonix.com/Ads/Prod/181.j53dI6b2/202.jpg
[0034.27] DevOnline: WebRequest_X_24 RECV: 304 
[0034.53] DevOnline: WebRequest_X_25 SEND: https://rl-cdn.psyonix.com/Ads/Prod/181.mMD0pTyh/403.jpg
[0034.63] DevOnline: WebRequest_X_25 RECV: 304 
[0034.90] DevOnline: WebRequest_X_26 SEND: https://rl-cdn.psyonix.com/Ads/Prod/181.0Z3l9e7e/404.jpg
[0034.99] DevOnline: WebRequest_X_26 RECV: 304 
[0049.17] Warning: Skipping instancing group - an Actor may only be connected to one Group! [SkeletalMeshActorMAT_Products_TA_29]
[0076.50] DevOnline: WebRequest_X_27 SEND: https://datarouter.ol.epicgames.com/datarouter/api/v1/public/data?AppID=RocketLeague.Release&AppVersion=-722954035&AppEnvironment=Prod&UploadType=eteventstream&UserID=|3b392b0645444e98a15d9bb887dd7138|||Epic|3b392b0645444e98a15d9bb887dd7138|0&SessionID=828BBF1046F2A9FA747E4FA1B4F9A5A7
[0077.24] DevOnline: WebRequest_X_27 RECV: 204 
[0098.28] Warning: Warning, Material Ball_Football.TranslucentMaterials.Mat_Football_Translucent missing bUsedWithStaticLighting=True!
[0098.83] FTE: CompleteCheckpoint GroupName=(Prime_InitialStartup) CheckpointName=(NUX_IntroScene)
[0098.83] FTE: CompleteActiveGroup GroupName:Prime_InitialStartup
[0098.83] Log: FSaveDataExportTask(0) wrote 174935 bytes to memory
[0098.83] Log: SaveGameDataAsync game thread time: 2 ms
[0098.84] FTECritical: [GFx] Changed active tutorial from 'NUX_INTROSCENE' to 'NONE'. Tutorial active? 'false', New checkpoint active? 'false'
[0098.84] FTEVerbose: Checkpoint 'None' attempted completion while the FTE isn't active!
[0098.84] FTECritical: [GFx] Changed active tutorial from 'NUX_INTROSCENE' to 'NONE'. Tutorial active? 'false', New checkpoint active? 'false'
[0098.84] FTEVerbose: Checkpoint 'None' attempted completion while the FTE isn't active!
[0098.84] AuthEpicVerbose: [GFx] Showing login flow. Platform linked? 'true' Prompt for epic link? 'false' Prompt for primary? 'false' Prompt for parental consent? 'false' Epic data loaded? 'true' Showing epic flow? 'false'
[0098.84] AuthEpicVerbose: [GFx] Epic flow completed 'false'
[0098.84] FTE: Starting Group:Prime_LegalText at Checkpoint:FTE_PrimaryPlayerIsXboxGuest
[0098.86] FTECritical: [GFx] Changed active tutorial from 'NUX_INTROSCENE' to 'FTE_PRIMARYPLAYERISXBOXGUEST'. Tutorial active? 'false', New checkpoint active? 'true'
[0098.86] FTEVerbose: [GFx] Checking FTE progress: Shown login flow 'true', Legal modal valid? 'true', Online? 'true', Cabined state '0', Legacy state '3'
[0098.86] FTEDev: Trying to start FTE Group Prime_InitialStartup while another Group Prime_LegalText is active
[0098.86] FTE: CompleteCheckpoint GroupName=(Prime_LegalText) CheckpointName=(FTE_PrimaryPlayerIsXboxGuest)
[0098.86] FTE: Moving to Checkpoint:FTE_PrivacyPolicy
[0098.86] FTEVerbose: [GFx] Checking FTE progress: Shown login flow 'true', Legal modal valid? 'true', Online? 'true', Cabined state '0', Legacy state '3'
[0098.86] FTEDev: Trying to start FTE Group Prime_InitialStartup while another Group Prime_LegalText is active
[0098.86] FTE: CompleteCheckpoint GroupName=(Prime_LegalText) CheckpointName=(FTE_PrivacyPolicy)
[0098.86] FTE: Moving to Checkpoint:FTE_EulaText
[0098.86] FTECritical: [GFx] Changed active tutorial from 'FTE_PRIMARYPLAYERISXBOXGUEST' to 'FTE_EULATEXT'. Tutorial active? 'false', New checkpoint active? 'true'
[0098.86] FTEVerbose: [GFx] Checking FTE progress: Shown login flow 'true', Legal modal valid? 'true', Online? 'true', Cabined state '0', Legacy state '3'
[0098.86] FTEDev: Trying to start FTE Group Prime_InitialStartup while another Group Prime_LegalText is active
[0098.86] FTE: CompleteCheckpoint GroupName=(Prime_LegalText) CheckpointName=(FTE_EulaText)
[0098.86] FTE: CompleteActiveGroup GroupName:Prime_LegalText
[0098.86] FTEVerbose: [GFx] Checking FTE progress: Shown login flow 'true', Legal modal valid? 'true', Online? 'true', Cabined state '0', Legacy state '3'
[0098.86] FTEDev: Trying to start FTE Group Prime_InitialStartup which is already completed and cannot be restarted CurrentActiveGroup.bCanBeDoneAgain=(False) bIgnoreCompletion=(False)
[0098.86] FTE: Starting Group:Prime_CarSelect at Checkpoint:NUX_CarSelection
[0098.86] FTEVerbose: [GFx] Car selection in progress
[0098.95] Log: SaveDataExport(0): Finished - File:[..\..\TAGame\SaveDataEpic\DBE_Production\3b392b0645444e98a15d9bb887dd7138_1.save] Result:[1]
[0098.95] FTECritical: [GFx] Changed active tutorial from 'FTE_EULATEXT' to 'NUX_CARSELECTION'. Tutorial active? 'false', New checkpoint active? 'true'
[0098.95] FTECritical: [GFx] Changed active tutorial from 'NUX_CARSELECTION' to 'NUX_CARSELECTION'. Tutorial active? 'false', New checkpoint active? 'true'
[0099.03] Log: Flushing async loaders.
[0099.15] Log: Flushed async loaders.
[0099.16] Log: FSaveDataExportTask(0) wrote 175758 bytes to memory
[0099.16] Log: SaveGameDataAsync game thread time: 2 ms
[0099.20] Log: Deleting old save file ..\..\TAGame\SaveDataEpic\DBE_Production\3b392b0645444e98a15d9bb887dd7138.save
[0099.20] Log: SaveDataExport(0): Finished - File:[..\..\TAGame\SaveDataEpic\DBE_Production\3b392b0645444e98a15d9bb887dd7138_2.save] Result:[1]
[0102.17] Log: Timed out while waiting for GPU to catch up. (500 ms)
[0102.68] Log: Timed out while waiting for GPU to catch up. (500 ms)
[0103.18] Log: Timed out while waiting for GPU to catch up. (500 ms)
[0103.68] Log: Timed out while waiting for GPU to catch up. (500 ms)
[0104.19] Log: Timed out while waiting for GPU to catch up. (500 ms)
[0105.00] Critical: appError called: The Direct3D 11 device that was being used has been removed.  Please restart the game.
[0105.00] Critical: Windows GetLastError: The operation completed successfully. (0)
[0109.30] Log: === Critical error: ===
The Direct3D 11 device that was being used has been removed.  Please restart the game.

Address = 0x2209cf19 (filename not found) [in C:\Windows\System32\KERNELBASE.dll]
Address = 0x272e4d75 (filename not found) [in D:\rocketleague\Binaries\Win64\RocketLeague.exe]
Address = 0x272a2ef3 (filename not found) [in D:\rocketleague\Binaries\Win64\RocketLeague.exe]
Address = 0x27c3fee3 (filename not found) [in D:\rocketleague\Binaries\Win64\RocketLeague.exe]
Address = 0x27c45ec9 (filename not found) [in D:\rocketleague\Binaries\Win64\RocketLeague.exe]
Address = 0x27c65d89 (filename not found) [in D:\rocketleague\Binaries\Win64\RocketLeague.exe]
Address = 0x27c60f3c (filename not found) [in D:\rocketleague\Binaries\Win64\RocketLeague.exe]
Address = 0x27c60f8a (filename not found) [in D:\rocketleague\Binaries\Win64\RocketLeague.exe]
Address = 0x27c677b1 (filename not found) [in D:\rocketleague\Binaries\Win64\RocketLeague.exe]
Address = 0x284eacd6 (filename not found) [in D:\rocketleague\Binaries\Win64\RocketLeague.exe]
Address = 0x243f7344 (filename not found) [in C:\Windows\System32\KERNEL32.DLL]
Address = 0x248c26b1 (filename not found) [in C:\Windows\SYSTEM32\ntdll.dll]
Address = 0x248c26b1 (filename not found) [in C:\Windows\SYSTEM32\ntdll.dll]

